<?xml version="1.0" encoding="UTF-8"?>
<!-- Generated by org.testng.reporters.JUnitReportReporter -->
<testsuite hostname="LAPTOP-JR88P5KR" failures="0" tests="1" name="Contact.ContactTest" time="0.012" errors="0" timestamp="2025-07-23T22:47:57 IST" skipped="0">
  <testcase classname="Contact.ContactTest" name="contactwithPhoneTest" time="0.012"/>
</testsuite> <!-- Contact.ContactTest -->
